2014-12-29 09:31:50.729 EasyAccounting[11810:1060564] DiskCookieStorage changing policy from 2 to 0, cookie file: file:///Users/Unit/Library/Developer/CoreSimulator/Devices/C58377AF-D6CA-4E88-8C3C-00C7FD432F0E/data/Containers/Data/Application/9B66E7A4-9094-41BF-8467-8F8123A9CEE4/Library/Cookies/Cookies.binarycookies
2014-12-29 09:31:50.822 EasyAccounting[11810:1060564] Apache Cordova native platform version 3.7.0 is starting.
2014-12-29 09:31:50.822 EasyAccounting[11810:1060564] Multi-tasking -> Device: YES, App: YES
2014-12-29 09:31:50.825 EasyAccounting[11810:1060564] Unlimited access to network resources
2014-12-29 09:31:50.827 EasyAccounting[11810:1060564] 

Started backup to iCloud! Please be careful.
Your application might be rejected by Apple if you store too much data.
For more information please read "iOS Data Storage Guidelines" at:
https://developer.apple.com/icloud/documentation/data-storage/
To disable web storage backup to iCloud, set the BackupWebStorage preference to "local" in the Cordova config.xml file

2014-12-29 09:31:51.189 EasyAccounting[11810:1060564] [CDVTimer][splashscreen] 82.389057ms
2014-12-29 09:31:51.189 EasyAccounting[11810:1060564] [CDVTimer][TotalPluginStartup] 82.578003ms
2014-12-29 09:31:51.332 EasyAccounting[11810:1060564] Resetting plugins due to page load.
2014-12-29 09:31:51.409 EasyAccounting[11810:1060564] Finished load of: file:///Users/Unit/Library/Developer/CoreSimulator/Devices/C58377AF-D6CA-4E88-8C3C-00C7FD432F0E/data/Containers/Bundle/Application/999CA7DC-AAE6-4DF9-BF3B-66C6223418EA/EasyAccounting.app/www/index.html
2014-12-29 09:32:08.907 EasyAccounting[11810:1060564] Resetting plugins due to page load.
2014-12-29 09:32:09.000 EasyAccounting[11810:1060564] Finished load of: file:///Users/Unit/Library/Developer/CoreSimulator/Devices/C58377AF-D6CA-4E88-8C3C-00C7FD432F0E/data/Containers/Bundle/Application/999CA7DC-AAE6-4DF9-BF3B-66C6223418EA/EasyAccounting.app/www/index.html
2014-12-29 09:35:22.327 EasyAccounting[12794:1067621] DiskCookieStorage changing policy from 2 to 0, cookie file: file:///Users/Unit/Library/Developer/CoreSimulator/Devices/C58377AF-D6CA-4E88-8C3C-00C7FD432F0E/data/Containers/Data/Application/4050900E-97D9-4763-A9CA-102C745AE39F/Library/Cookies/Cookies.binarycookies
2014-12-29 09:35:22.481 EasyAccounting[12794:1067621] Apache Cordova native platform version 3.7.0 is starting.
2014-12-29 09:35:22.482 EasyAccounting[12794:1067621] Multi-tasking -> Device: YES, App: YES
2014-12-29 09:35:22.484 EasyAccounting[12794:1067621] Unlimited access to network resources
2014-12-29 09:35:22.488 EasyAccounting[12794:1067621] 

Started backup to iCloud! Please be careful.
Your application might be rejected by Apple if you store too much data.
For more information please read "iOS Data Storage Guidelines" at:
https://developer.apple.com/icloud/documentation/data-storage/
To disable web storage backup to iCloud, set the BackupWebStorage preference to "local" in the Cordova config.xml file

2014-12-29 09:35:22.936 EasyAccounting[12794:1067621] [CDVTimer][splashscreen] 81.450999ms
2014-12-29 09:35:22.936 EasyAccounting[12794:1067621] [CDVTimer][TotalPluginStartup] 81.736982ms
2014-12-29 09:35:23.103 EasyAccounting[12794:1067621] Resetting plugins due to page load.
2014-12-29 09:35:23.193 EasyAccounting[12794:1067621] Finished load of: file:///Users/Unit/Library/Developer/CoreSimulator/Devices/C58377AF-D6CA-4E88-8C3C-00C7FD432F0E/data/Containers/Bundle/Application/9CEBC47A-13ED-47B9-A4CC-A5235B06FD74/EasyAccounting.app/www/index.html
2014-12-29 09:38:14.742 EasyAccounting[13760:1072680] DiskCookieStorage changing policy from 2 to 0, cookie file: file:///Users/Unit/Library/Developer/CoreSimulator/Devices/C58377AF-D6CA-4E88-8C3C-00C7FD432F0E/data/Containers/Data/Application/1E62F042-9236-4BB3-829F-F4C84BA27013/Library/Cookies/Cookies.binarycookies
2014-12-29 09:38:14.864 EasyAccounting[13760:1072680] Apache Cordova native platform version 3.7.0 is starting.
2014-12-29 09:38:14.864 EasyAccounting[13760:1072680] Multi-tasking -> Device: YES, App: YES
2014-12-29 09:38:14.868 EasyAccounting[13760:1072680] Unlimited access to network resources
2014-12-29 09:38:14.872 EasyAccounting[13760:1072680] 

Started backup to iCloud! Please be careful.
Your application might be rejected by Apple if you store too much data.
For more information please read "iOS Data Storage Guidelines" at:
https://developer.apple.com/icloud/documentation/data-storage/
To disable web storage backup to iCloud, set the BackupWebStorage preference to "local" in the Cordova config.xml file

2014-12-29 09:38:15.170 EasyAccounting[13760:1072680] [CDVTimer][splashscreen] 25.696993ms
2014-12-29 09:38:15.170 EasyAccounting[13760:1072680] [CDVTimer][TotalPluginStartup] 25.887012ms
2014-12-29 09:38:15.243 EasyAccounting[13760:1072680] Resetting plugins due to page load.
2014-12-29 09:38:15.310 EasyAccounting[13760:1072680] Finished load of: file:///Users/Unit/Library/Developer/CoreSimulator/Devices/C58377AF-D6CA-4E88-8C3C-00C7FD432F0E/data/Containers/Bundle/Application/8CDCBFC2-E778-42C8-8259-C31E2118FB3A/EasyAccounting.app/www/index.html
